
Showing logs for build [32mcb-kubecd-environment-pr-1498-8-9xsfp-1[0m stage [32mfrom-build-pack[0m and container [32mstep-credential-initializer-wcknn[0m
{"level":"info","ts":1590504449.2662761,"logger":"fallback-logger","caller":"logging/config.go:69","msg":"Fetch GitHub commit ID from kodata failed: open /var/run/ko/refs/heads/0.8.0-ns-support: no such file or directory"}
{"level":"info","ts":1590504449.2678943,"logger":"fallback-logger","caller":"creds-init/main.go:40","msg":"Credentials initialized."}

Showing logs for build [32mcb-kubecd-environment-pr-1498-8-9xsfp-1[0m stage [32mfrom-build-pack[0m and container [32mstep-working-dir-initializer-4ns8g[0m
{"level":"info","ts":1590504450.2343242,"logger":"fallback-logger","caller":"logging/config.go:69","msg":"Fetch GitHub commit ID from kodata failed: open /var/run/ko/HEAD: no such file or directory"}
{"level":"info","ts":1590504450.298521,"logger":"fallback-logger","caller":"bash/main.go:64","msg":"Successfully executed command \"sh -c mkdir -p /workspace/source\"; output "}

Showing logs for build [32mcb-kubecd-environment-pr-1498-8-9xsfp-1[0m stage [32mfrom-build-pack[0m and container [32mstep-place-tools[0m

Showing logs for build [32mcb-kubecd-environment-pr-1498-8-9xsfp-1[0m stage [32mfrom-build-pack[0m and container [32mstep-git-source-cb-kubecd-environment-pr-1498-8-9xsfp-74j2h[0m
{"level":"info","ts":1590504475.941889,"logger":"fallback-logger","caller":"logging/config.go:69","msg":"Fetch GitHub commit ID from kodata failed: open /var/run/ko/refs/heads/0.8.0-ns-support: no such file or directory"}
{"level":"info","ts":1590504477.0365689,"logger":"fallback-logger","caller":"git/git.go:103","msg":"Successfully cloned https://github.com/cb-kubecd/environment-pr-1498-8-bdd-frontend-staging.git @ master in path /workspace/source"}

Showing logs for build [32mcb-kubecd-environment-pr-1498-8-9xsfp-1[0m stage [32mfrom-build-pack[0m and container [32mstep-git-merge[0m
Using SHAs from PULL_REFS=master:2b3bf8b039b996ea1247fea7b462f4b54e4f749c,1:c60e4a8d634e631f76e05b84bcbbf92e9f4ea502
DEBUG: LC_ALL=C JX_LOG_LEVEL=error git fetch origin --unshallow c60e4a8d634e631f76e05b84bcbbf92e9f4ea502: 2b3bf8b039b996ea1247fea7b462f4b54e4f749c:
DEBUG: ran git fetch --unshallow origin c60e4a8d634e631f76e05b84bcbbf92e9f4ea502: 2b3bf8b039b996ea1247fea7b462f4b54e4f749c: in 
DEBUG: LC_ALL=C JX_LOG_LEVEL=error git branch
DEBUG: LC_ALL=C JX_LOG_LEVEL=error git checkout master
DEBUG: ran git checkout master in 
DEBUG: LC_ALL=C JX_LOG_LEVEL=error git reset --hard 2b3bf8b039b996ea1247fea7b462f4b54e4f749c
DEBUG: ran git reset --hard 2b3bf8b039b996ea1247fea7b462f4b54e4f749c in 
DEBUG: LC_ALL=C JX_LOG_LEVEL=error git clean -fd .
DEBUG: ran clean --force -d . in 
DEBUG: LC_ALL=C JX_LOG_LEVEL=error git merge c60e4a8d634e631f76e05b84bcbbf92e9f4ea502
DEBUG: ran git merge c60e4a8d634e631f76e05b84bcbbf92e9f4ea502 in 
DEBUG: LC_ALL=C JX_LOG_LEVEL=error git log --format=%H%x1f%an%x1f%ae%x1f%cn%x1f%ce%x1f%s%n%b%x1e 2b3bf8b039b996ea1247fea7b462f4b54e4f749c..HEAD
Merged SHA c60e4a8d634e631f76e05b84bcbbf92e9f4ea502 with commit message 'chore: Promote bdd-nh-1590503292 to version 0.0.1' into base branch master

Showing logs for build [32mcb-kubecd-environment-pr-1498-8-9xsfp-1[0m stage [32mfrom-build-pack[0m and container [32mstep-build-helm-build[0m
WARNING: No $CHART_REPOSITORY defined so using the default value of: http://jenkins-x-chartmuseum:8080
Adding missing Helm repo: storage.googleapis.com https://storage.googleapis.com/chartmuseum.jenkins-x.io
WARNING: No secrets found on "helm/repos" due: reading the secret "helm/repos" from vault: no secret "helm/repos" not found in vault
Read credentials for https://storage.googleapis.com/chartmuseum.jenkins-x.io from vault helm/repos
Successfully added Helm repository storage.googleapis.com.
Adding missing Helm repo: jenkins-x-chartmuseum http://jenkins-x-chartmuseum:8080
WARNING: No secrets found on "helm/repos" due: reading the secret "helm/repos" from vault: no secret "helm/repos" not found in vault
Read credentials for http://jenkins-x-chartmuseum:8080 from vault helm/repos
Successfully added Helm repository jenkins-x-chartmuseum.
WARNING: No $CHART_REPOSITORY defined so using the default value of: http://jenkins-x-chartmuseum:8080
Adding missing Helm repo: chartmuseum.jenkins-x.io http://chartmuseum.jenkins-x.io
WARNING: No secrets found on "helm/repos" due: reading the secret "helm/repos" from vault: no secret "helm/repos" not found in vault
Read credentials for http://chartmuseum.jenkins-x.io from vault helm/repos
Successfully added Helm repository chartmuseum.jenkins-x.io.
